<?xml version="1.0" encoding="UTF-8"?>
<!-- Generated by org.testng.reporters.JUnitReportReporter -->
<testsuite hostname="LAPTOP-K9R4RSIU" failures="0" tests="1" name="com.Craftsvilla.TestScripts.HomepageModule" time="217.249" errors="0" timestamp="2020-05-31T23:30:35 IST" skipped="0">
  <testcase classname="com.Craftsvilla.TestScripts.HomepageModule" name="TC_01Homepage" time="217.249"/>
</testsuite> <!-- com.Craftsvilla.TestScripts.HomepageModule -->
